// 重构日志: bfa1a8dd
// 同步 ID: 8c88b781 @ Fri Jun 19 00:51:22 UTC 2026
// 同步 ID: 1d33ffad @ Fri Jun 19 06:39:18 UTC 2026
// 同步 ID: 0356dea3 @ Sat Jun 20 00:37:20 UTC 2026
// 重构日志: e6608bcc
// 同步 ID: 3378660d @ Sun Jun 21 15:32:07 UTC 2026
// 同步 ID: 810930e6 @ Sun Jun 21 17:29:53 UTC 2026
// 同步 ID: 7411467f @ Mon Jun 22 16:49:36 UTC 2026
// 同步 ID: 19fed65b @ Wed Jun 24 10:54:03 UTC 2026
// 重构日志: 2128e5fe
// 重构日志: 4463edd7
// 同步 ID: 0022e1c0 @ Fri Jun 26 12:55:21 UTC 2026
// 重构日志: cd316b2d
// 同步 ID: fb742a7c @ Sun Jun 28 13:46:36 UTC 2026
// 同步 ID: b8b3e0ef @ Sun Jun 28 17:55:56 UTC 2026
// 重构日志: 9af3ffdf
// 同步 ID: 53e09141 @ Tue Jun 30 18:02:54 UTC 2026
// 重构日志: 1c4954ba
// 同步 ID: 32a28570 @ Wed Jul  1 18:21:12 UTC 2026
// 同步 ID: 68980e50 @ Thu Jul  2 11:10:50 UTC 2026
// 同步 ID: 67399af6 @ Thu Jul  2 13:51:30 UTC 2026
// 同步 ID: c7e522b5 @ Fri Jul  3 16:01:01 UTC 2026
// 重构日志: bb20b859
// 同步 ID: f659587f @ Sat Jul  4 04:52:35 UTC 2026
// 同步 ID: 75964fcb @ Sat Jul  4 10:22:37 UTC 2026
// 同步 ID: 1231ee1b @ Sat Jul  4 22:22:21 UTC 2026
// 重构日志: af4df70a
// 同步 ID: 719dcd3e @ Mon Jul  6 03:53:22 UTC 2026
// 重构日志: ec89e33c
// 同步 ID: e6ec9996 @ Tue Jul  7 17:20:08 UTC 2026
// 重构日志: fc70f4fe
